<?xml version="1.0" encoding="UTF-8"?>
<!-- Generated by org.testng.reporters.JUnitXMLReporter -->
<testsuite ignored="0" hostname="IM-LP-2722" failures="23" tests="24" name="Test" time="1098.709" errors="0" timestamp="2024-02-22T12:19:09 IST">
  <testcase classname="scripts.Extensions" name="Validate_Extensions_Module_On_Myspace_App" time="24.108">
    <failure type="java.lang.AssertionError" message="Found 11 accessibility violations:
1) Elements must have sufficient color contrast: https://dequeuniversity.com/rules/axe/3.1/color-contrast?application=axeAPI
  a) [&amp;quot;.usernameContainer &amp;gt; p&amp;quot;]
    Fix any of the following:
      Element has insufficient color contrast of 2.1 (foreground color: #ffffff, background color: #eea424, font size: 10.5pt, font weight: normal). Expected contrast ratio of 4.5:1


  b) [&amp;quot;a[href$=\&amp;quot;logout\&amp;quot;]&amp;quot;]
    Fix any of the following:
      Element has insufficient color contrast of 2.1 (foreground color: #ffffff, background color: #eea424, font size: 9.0pt, font weight: normal). Expected contrast ratio of 4.5:1


  c) [&amp;quot;a[href$=\&amp;quot;changepassword\&amp;quot;]&amp;quot;]
    Fix any of the following:
      Element has insufficient color contrast of 2.1 (foreground color: #ffffff, background color: #eea424, font size: 9.0pt, font weight: normal). Expected contrast ratio of 4.5:1


  d) [&amp;quot;#icon-text&amp;quot;]
    Fix any of the following:
      Element has insufficient color contrast of 2.71 (foreground color: #ffffff, background color: #c29649, font size: 9.8pt, font weight: normal). Expected contrast ratio of 4.5:1


2) IDs of active elements must be unique: https://dequeuniversity.com/rules/axe/3.1/duplicate-id-active?application=axeAPI
  a) [&amp;quot;.table-responsive &amp;gt; .over_flow.ps-container.ps-theme-default &amp;gt; .dataTables_wrapper.no-footer &amp;gt; .dataTables_paginate.paging_simple_numbers &amp;gt; .previous.disabled[data-dt-idx=\&amp;quot;\\30 \&amp;quot;]&amp;quot;]
    Fix any of the following:
      Document has active elements with the same id attribute: reports_previous


  b) [&amp;quot;a[data-dt-idx=\&amp;quot;\\37 \&amp;quot;]&amp;quot;]
    Fix any of the following:
      Document has active elements with the same id attribute: reports_next


3) IDs used in ARIA and labels must be unique: https://dequeuniversity.com/rules/axe/3.1/duplicate-id-aria?application=axeAPI
  a) [&amp;quot;.table&amp;quot;]
    Fix any of the following:
      Document has multiple elements referenced with ARIA with the same id attribute: reports


  b) [&amp;quot;.table-responsive &amp;gt; .over_flow.ps-container.ps-theme-default &amp;gt; .dataTables_wrapper.no-footer &amp;gt; .dataTables_info[role=\&amp;quot;status\&amp;quot;][aria-live=\&amp;quot;polite\&amp;quot;]&amp;quot;]
    Fix any of the following:
      Document has multiple elements referenced with ARIA with the same id attribute: reports_info


4) id attribute value must be unique: https://dequeuniversity.com/rules/axe/3.1/duplicate-id?application=axeAPI
  a) [&amp;quot;.table-responsive &amp;gt; .over_flow.ps-container.ps-theme-default &amp;gt; .dataTables_wrapper.no-footer&amp;quot;]
    Fix any of the following:
      Document has multiple static elements with the same id attribute


  b) [&amp;quot;.table-responsive &amp;gt; .over_flow.ps-container.ps-theme-default &amp;gt; .dataTables_wrapper.no-footer &amp;gt; .dataTables_length&amp;quot;]
    Fix any of the following:
      Document has multiple static elements with the same id attribute


  c) [&amp;quot;.table-responsive &amp;gt; .over_flow.ps-container.ps-theme-default &amp;gt; .dataTables_wrapper.no-footer &amp;gt; .dataTables_filter&amp;quot;]
    Fix any of the following:
      Document has multiple static elements with the same id attribute


  d) [&amp;quot;.table-responsive &amp;gt; .over_flow.ps-container.ps-theme-default &amp;gt; .dataTables_wrapper.no-footer &amp;gt; .dataTables_paginate.paging_simple_numbers&amp;quot;]
    Fix any of the following:
      Document has multiple static elements with the same id attribute


5) &amp;lt;html&amp;gt; element must have a lang attribute: https://dequeuniversity.com/rules/axe/3.1/html-has-lang?application=axeAPI
  a) [&amp;quot;html&amp;quot;]
    Fix any of the following:
      The &amp;lt;html&amp;gt; element does not have a lang attribute


6) Images must have alternate text: https://dequeuniversity.com/rules/axe/3.1/image-alt?application=axeAPI
  a) [&amp;quot;#my_favorites &amp;gt; .material-icons[height=\&amp;quot;\\32 0px\&amp;quot;][width=\&amp;quot;\\32 0px\&amp;quot;]&amp;quot;]
    Fix any of the following:
      Element does not have an alt attribute
      aria-label attribute does not exist or is empty
      aria-labelledby attribute does not exist, references elements that do not exist or references elements that are empty
      Element has no title attribute or the title attribute is empty
      Element&amp;apos;s default semantics were not overridden with role=&amp;quot;presentation&amp;quot;
      Element&amp;apos;s default semantics were not overridden with role=&amp;quot;none&amp;quot;


  b) [&amp;quot;#h &amp;gt; a &amp;gt; .material-icons[height=\&amp;quot;\\32 0px\&amp;quot;][width=\&amp;quot;\\32 0px\&amp;quot;]&amp;quot;]
    Fix any of the following:
      Element does not have an alt attribute
      aria-label attribute does not exist or is empty
      aria-labelledby attribute does not exist, references elements that do not exist or references elements that are empty
      Element has no title attribute or the title attribute is empty
      Element&amp;apos;s default semantics were not overridden with role=&amp;quot;presentation&amp;quot;
      Element&amp;apos;s default semantics were not overridden with role=&amp;quot;none&amp;quot;


  c) [&amp;quot;a[href$=\&amp;quot;quotehealthtip\&amp;quot;] &amp;gt; img&amp;quot;]
    Fix any of the following:
      Element does not have an alt attribute
      aria-label attribute does not exist or is empty
      aria-labelledby attribute does not exist, references elements that do not exist or references elements that are empty
      Element has no title attribute or the title attribute is empty
      Element&amp;apos;s default semantics were not overridden with role=&amp;quot;presentation&amp;quot;
      Element&amp;apos;s default semantics were not overridden with role=&amp;quot;none&amp;quot;


  d) [&amp;quot;img[src$=\&amp;quot;hiring.png\&amp;quot;]&amp;quot;]
    Fix any of the following:
      Element does not have an alt attribute
      aria-label attribute does not exist or is empty
      aria-labelledby attribute does not exist, references elements that do not exist or references elements that are empty
      Element has no title attribute or the title attribute is empty
      Element&amp;apos;s default semantics were not overridden with role=&amp;quot;presentation&amp;quot;
      Element&amp;apos;s default semantics were not overridden with role=&amp;quot;none&amp;quot;


  e) [&amp;quot;a[href=\&amp;quot;/appraisals/index\&amp;quot;] &amp;gt; .material-icons[height=\&amp;quot;\\32 0px\&amp;quot;][width=\&amp;quot;\\32 0px\&amp;quot;]&amp;quot;]
    Fix any of the following:
      Element does not have an alt attribute
      aria-label attribute does not exist or is empty
      aria-labelledby attribute does not exist, references elements that do not exist or references elements that are empty
      Element has no title attribute or the title attribute is empty
      Element&amp;apos;s default semantics were not overridden with role=&amp;quot;presentation&amp;quot;
      Element&amp;apos;s default semantics were not overridden with role=&amp;quot;none&amp;quot;


  f) [&amp;quot;img[src$=\&amp;quot;awards.png\&amp;quot;]&amp;quot;]
    Fix any of the following:
      Element does not have an alt attribute
      aria-label attribute does not exist or is empty
      aria-labelledby attribute does not exist, references elements that do not exist or references elements that are empty
      Element has no title attribute or the title attribute is empty
      Element&amp;apos;s default semantics were not overridden with role=&amp;quot;presentation&amp;quot;
      Element&amp;apos;s default semantics were not overridden with role=&amp;quot;none&amp;quot;


  g) [&amp;quot;.normal:nth-child(5) &amp;gt; a &amp;gt; .material-icons[height=\&amp;quot;\\32 0px\&amp;quot;][width=\&amp;quot;\\32 0px\&amp;quot;]&amp;quot;]
    Fix any of the following:
      Element does not have an alt attribute
      aria-label attribute does not exist or is empty
      aria-labelledby attribute does not exist, references elements that do not exist or references elements that are empty
      Element has no title attribute or the title attribute is empty
      Element&amp;apos;s default semantics were not overridden with role=&amp;quot;presentation&amp;quot;
      Element&amp;apos;s default semantics were not overridden with role=&amp;quot;none&amp;quot;


  h) [&amp;quot;a[href$=\&amp;quot;documents\&amp;quot;] &amp;gt; .material-icons[height=\&amp;quot;\\32 0px\&amp;quot;][width=\&amp;quot;\\32 0px\&amp;quot;]&amp;quot;]
    Fix any of the following:
      Element does not have an alt attribute
      aria-label attribute does not exist or is empty
      aria-labelledby attribute does not exist, references elements that do not exist or references elements that are empty
      Element has no title attribute or the title attribute is empty
      Element&amp;apos;s default semantics were not overridden with role=&amp;quot;presentation&amp;quot;
      Element&amp;apos;s default semantics were not overridden with role=&amp;quot;none&amp;quot;


  i) [&amp;quot;.image_class&amp;quot;]
    Fix any of the following:
      Element does not have an alt attribute
      aria-label attribute does not exist or is empty
      aria-labelledby attribute does not exist, references elements that do not exist or references elements that are empty
      Element has no title attribute or the title attribute is empty
      Element&amp;apos;s default semantics were not overridden with role=&amp;quot;presentation&amp;quot;
      Element&amp;apos;s default semantics were not overridden with role=&amp;quot;none&amp;quot;


7) Form elements must have labels: https://dequeuniversity.com/rules/axe/3.1/label?application=axeAPI
  a) [&amp;quot;#empname&amp;quot;]
    Fix any of the following:
      aria-label attribute does not exist or is empty
      aria-labelledby attribute does not exist, references elements that do not exist or references elements that are empty
      Form element does not have an implicit (wrapped) &amp;lt;label&amp;gt;
      Form element does not have an explicit &amp;lt;label&amp;gt;
      Element has no title attribute or the title attribute is empty


8) Page must have one main landmark: https://dequeuniversity.com/rules/axe/3.1/landmark-one-main?application=axeAPI
  a) [&amp;quot;html&amp;quot;]
    Fix all of the following:
      Page does not have a main landmark


9) Links must have discernible text: https://dequeuniversity.com/rules/axe/3.1/link-name?application=axeAPI
  a) [&amp;quot;a[href$=\&amp;quot;notifications\&amp;quot;]&amp;quot;]
    Fix all of the following:
      Element is in tab order and does not have accessible text

    Fix any of the following:
      Element does not have text that is visible to screen readers
      aria-label attribute does not exist or is empty
      aria-labelledby attribute does not exist, references elements that do not exist or references elements that are empty
      Element&amp;apos;s default semantics were not overridden with role=&amp;quot;presentation&amp;quot;
      Element&amp;apos;s default semantics were not overridden with role=&amp;quot;none&amp;quot;


  b) [&amp;quot;.header-right.left:nth-child(3) &amp;gt; a&amp;quot;]
    Fix all of the following:
      Element is in tab order and does not have accessible text

    Fix any of the following:
      Element does not have text that is visible to screen readers
      aria-label attribute does not exist or is empty
      aria-labelledby attribute does not exist, references elements that do not exist or references elements that are empty
      Element&amp;apos;s default semantics were not overridden with role=&amp;quot;presentation&amp;quot;
      Element&amp;apos;s default semantics were not overridden with role=&amp;quot;none&amp;quot;


  c) [&amp;quot;.innominds-logo&amp;quot;]
    Fix all of the following:
      Element is in tab order and does not have accessible text

    Fix any of the following:
      Element does not have text that is visible to screen readers
      aria-label attribute does not exist or is empty
      aria-labelledby attribute does not exist, references elements that do not exist or references elements that are empty
      Element&amp;apos;s default semantics were not overridden with role=&amp;quot;presentation&amp;quot;
      Element&amp;apos;s default semantics were not overridden with role=&amp;quot;none&amp;quot;


10) Zooming and scaling must not be disabled: https://dequeuniversity.com/rules/axe/3.1/meta-viewport?application=axeAPI
  a) [&amp;quot;#content-left &amp;gt; meta[name=\&amp;quot;viewport\&amp;quot;]&amp;quot;]
    Fix any of the following:
      user-scalable=no on &amp;lt;meta&amp;gt; tag disables zooming on mobile devices


11) All page content must be contained by landmarks: https://dequeuniversity.com/rules/axe/3.1/region?application=axeAPI
  a) [&amp;quot;html&amp;quot;]
    Fix any of the following:
      Some page content is not contained by landmarks

 expected [true] but found [false]">
      <![CDATA[java.lang.AssertionError: Found 11 accessibility violations:
1) Elements must have sufficient color contrast: https://dequeuniversity.com/rules/axe/3.1/color-contrast?application=axeAPI
  a) [".usernameContainer > p"]
    Fix any of the following:
      Element has insufficient color contrast of 2.1 (foreground color: #ffffff, background color: #eea424, font size: 10.5pt, font weight: normal). Expected contrast ratio of 4.5:1


  b) ["a[href$=\"logout\"]"]
    Fix any of the following:
      Element has insufficient color contrast of 2.1 (foreground color: #ffffff, background color: #eea424, font size: 9.0pt, font weight: normal). Expected contrast ratio of 4.5:1


  c) ["a[href$=\"changepassword\"]"]
    Fix any of the following:
      Element has insufficient color contrast of 2.1 (foreground color: #ffffff, background color: #eea424, font size: 9.0pt, font weight: normal). Expected contrast ratio of 4.5:1


  d) ["#icon-text"]
    Fix any of the following:
      Element has insufficient color contrast of 2.71 (foreground color: #ffffff, background color: #c29649, font size: 9.8pt, font weight: normal). Expected contrast ratio of 4.5:1


2) IDs of active elements must be unique: https://dequeuniversity.com/rules/axe/3.1/duplicate-id-active?application=axeAPI
  a) [".table-responsive > .over_flow.ps-container.ps-theme-default > .dataTables_wrapper.no-footer > .dataTables_paginate.paging_simple_numbers > .previous.disabled[data-dt-idx=\"\\30 \"]"]
    Fix any of the following:
      Document has active elements with the same id attribute: reports_previous


  b) ["a[data-dt-idx=\"\\37 \"]"]
    Fix any of the following:
      Document has active elements with the same id attribute: reports_next


3) IDs used in ARIA and labels must be unique: https://dequeuniversity.com/rules/axe/3.1/duplicate-id-aria?application=axeAPI
  a) [".table"]
    Fix any of the following:
      Document has multiple elements referenced with ARIA with the same id attribute: reports


  b) [".table-responsive > .over_flow.ps-container.ps-theme-default > .dataTables_wrapper.no-footer > .dataTables_info[role=\"status\"][aria-live=\"polite\"]"]
    Fix any of the following:
      Document has multiple elements referenced with ARIA with the same id attribute: reports_info


4) id attribute value must be unique: https://dequeuniversity.com/rules/axe/3.1/duplicate-id?application=axeAPI
  a) [".table-responsive > .over_flow.ps-container.ps-theme-default > .dataTables_wrapper.no-footer"]
    Fix any of the following:
      Document has multiple static elements with the same id attribute


  b) [".table-responsive > .over_flow.ps-container.ps-theme-default > .dataTables_wrapper.no-footer > .dataTables_length"]
    Fix any of the following:
      Document has multiple static elements with the same id attribute


  c) [".table-responsive > .over_flow.ps-container.ps-theme-default > .dataTables_wrapper.no-footer > .dataTables_filter"]
    Fix any of the following:
      Document has multiple static elements with the same id attribute


  d) [".table-responsive > .over_flow.ps-container.ps-theme-default > .dataTables_wrapper.no-footer > .dataTables_paginate.paging_simple_numbers"]
    Fix any of the following:
      Document has multiple static elements with the same id attribute


5) <html> element must have a lang attribute: https://dequeuniversity.com/rules/axe/3.1/html-has-lang?application=axeAPI
  a) ["html"]
    Fix any of the following:
      The <html> element does not have a lang attribute


6) Images must have alternate text: https://dequeuniversity.com/rules/axe/3.1/image-alt?application=axeAPI
  a) ["#my_favorites > .material-icons[height=\"\\32 0px\"][width=\"\\32 0px\"]"]
    Fix any of the following:
      Element does not have an alt attribute
      aria-label attribute does not exist or is empty
      aria-labelledby attribute does not exist, references elements that do not exist or references elements that are empty
      Element has no title attribute or the title attribute is empty
      Element's default semantics were not overridden with role="presentation"
      Element's default semantics were not overridden with role="none"


  b) ["#h > a > .material-icons[height=\"\\32 0px\"][width=\"\\32 0px\"]"]
    Fix any of the following:
      Element does not have an alt attribute
      aria-label attribute does not exist or is empty
      aria-labelledby attribute does not exist, references elements that do not exist or references elements that are empty
      Element has no title attribute or the title attribute is empty
      Element's default semantics were not overridden with role="presentation"
      Element's default semantics were not overridden with role="none"


  c) ["a[href$=\"quotehealthtip\"] > img"]
    Fix any of the following:
      Element does not have an alt attribute
      aria-label attribute does not exist or is empty
      aria-labelledby attribute does not exist, references elements that do not exist or references elements that are empty
      Element has no title attribute or the title attribute is empty
      Element's default semantics were not overridden with role="presentation"
      Element's default semantics were not overridden with role="none"


  d) ["img[src$=\"hiring.png\"]"]
    Fix any of the following:
      Element does not have an alt attribute
      aria-label attribute does not exist or is empty
      aria-labelledby attribute does not exist, references elements that do not exist or references elements that are empty
      Element has no title attribute or the title attribute is empty
      Element's default semantics were not overridden with role="presentation"
      Element's default semantics were not overridden with role="none"


  e) ["a[href=\"/appraisals/index\"] > .material-icons[height=\"\\32 0px\"][width=\"\\32 0px\"]"]
    Fix any of the following:
      Element does not have an alt attribute
      aria-label attribute does not exist or is empty
      aria-labelledby attribute does not exist, references elements that do not exist or references elements that are empty
      Element has no title attribute or the title attribute is empty
      Element's default semantics were not overridden with role="presentation"
      Element's default semantics were not overridden with role="none"


  f) ["img[src$=\"awards.png\"]"]
    Fix any of the following:
      Element does not have an alt attribute
      aria-label attribute does not exist or is empty
      aria-labelledby attribute does not exist, references elements that do not exist or references elements that are empty
      Element has no title attribute or the title attribute is empty
      Element's default semantics were not overridden with role="presentation"
      Element's default semantics were not overridden with role="none"


  g) [".normal:nth-child(5) > a > .material-icons[height=\"\\32 0px\"][width=\"\\32 0px\"]"]
    Fix any of the following:
      Element does not have an alt attribute
      aria-label attribute does not exist or is empty
      aria-labelledby attribute does not exist, references elements that do not exist or references elements that are empty
      Element has no title attribute or the title attribute is empty
      Element's default semantics were not overridden with role="presentation"
      Element's default semantics were not overridden with role="none"


  h) ["a[href$=\"documents\"] > .material-icons[height=\"\\32 0px\"][width=\"\\32 0px\"]"]
    Fix any of the following:
      Element does not have an alt attribute
      aria-label attribute does not exist or is empty
      aria-labelledby attribute does not exist, references elements that do not exist or references elements that are empty
      Element has no title attribute or the title attribute is empty
      Element's default semantics were not overridden with role="presentation"
      Element's default semantics were not overridden with role="none"


  i) [".image_class"]
    Fix any of the following:
      Element does not have an alt attribute
      aria-label attribute does not exist or is empty
      aria-labelledby attribute does not exist, references elements that do not exist or references elements that are empty
      Element has no title attribute or the title attribute is empty
      Element's default semantics were not overridden with role="presentation"
      Element's default semantics were not overridden with role="none"


7) Form elements must have labels: https://dequeuniversity.com/rules/axe/3.1/label?application=axeAPI
  a) ["#empname"]
    Fix any of the following:
      aria-label attribute does not exist or is empty
      aria-labelledby attribute does not exist, references elements that do not exist or references elements that are empty
      Form element does not have an implicit (wrapped) <label>
      Form element does not have an explicit <label>
      Element has no title attribute or the title attribute is empty


8) Page must have one main landmark: https://dequeuniversity.com/rules/axe/3.1/landmark-one-main?application=axeAPI
  a) ["html"]
    Fix all of the following:
      Page does not have a main landmark


9) Links must have discernible text: https://dequeuniversity.com/rules/axe/3.1/link-name?application=axeAPI
  a) ["a[href$=\"notifications\"]"]
    Fix all of the following:
      Element is in tab order and does not have accessible text

    Fix any of the following:
      Element does not have text that is visible to screen readers
      aria-label attribute does not exist or is empty
      aria-labelledby attribute does not exist, references elements that do not exist or references elements that are empty
      Element's default semantics were not overridden with role="presentation"
      Element's default semantics were not overridden with role="none"


  b) [".header-right.left:nth-child(3) > a"]
    Fix all of the following:
      Element is in tab order and does not have accessible text

    Fix any of the following:
      Element does not have text that is visible to screen readers
      aria-label attribute does not exist or is empty
      aria-labelledby attribute does not exist, references elements that do not exist or references elements that are empty
      Element's default semantics were not overridden with role="presentation"
      Element's default semantics were not overridden with role="none"


  c) [".innominds-logo"]
    Fix all of the following:
      Element is in tab order and does not have accessible text

    Fix any of the following:
      Element does not have text that is visible to screen readers
      aria-label attribute does not exist or is empty
      aria-labelledby attribute does not exist, references elements that do not exist or references elements that are empty
      Element's default semantics were not overridden with role="presentation"
      Element's default semantics were not overridden with role="none"


10) Zooming and scaling must not be disabled: https://dequeuniversity.com/rules/axe/3.1/meta-viewport?application=axeAPI
  a) ["#content-left > meta[name=\"viewport\"]"]
    Fix any of the following:
      user-scalable=no on <meta> tag disables zooming on mobile devices


11) All page content must be contained by landmarks: https://dequeuniversity.com/rules/axe/3.1/region?application=axeAPI
  a) ["html"]
    Fix any of the following:
      Some page content is not contained by landmarks

 expected [true] but found [false]
at genericLib.WebDriverUtilies.axelib(WebDriverUtilies.java:31)
at scripts.Extensions.Validate_Extensions_Module_On_Myspace_App(Extensions.java:21)
at java.base/java.util.ArrayList.forEach(ArrayList.java:1511)
... Removed 30 stack frames]]>
    </failure>
  </testcase> <!-- Validate_Extensions_Module_On_Myspace_App -->
  <testcase classname="scripts.MyProfile" name="Validate_MyProfile_Module_On_Myspace_App" time="21.6">
    <failure type="java.lang.AssertionError" message="Found 10 accessibility violations:
1) Elements must have sufficient color contrast: https://dequeuniversity.com/rules/axe/3.1/color-contrast?application=axeAPI
  a) [&amp;quot;.usernameContainer &amp;gt; p&amp;quot;]
    Fix any of the following:
      Element has insufficient color contrast of 2.1 (foreground color: #ffffff, background color: #eea424, font size: 10.5pt, font weight: normal). Expected contrast ratio of 4.5:1


  b) [&amp;quot;a[href$=\&amp;quot;logout\&amp;quot;]&amp;quot;]
    Fix any of the following:
      Element has insufficient color contrast of 2.1 (foreground color: #ffffff, background color: #eea424, font size: 9.0pt, font weight: normal). Expected contrast ratio of 4.5:1


  c) [&amp;quot;a[href$=\&amp;quot;changepassword\&amp;quot;]&amp;quot;]
    Fix any of the following:
      Element has insufficient color contrast of 2.1 (foreground color: #ffffff, background color: #eea424, font size: 9.0pt, font weight: normal). Expected contrast ratio of 4.5:1


  d) [&amp;quot;#icon-text&amp;quot;]
    Fix any of the following:
      Element has insufficient color contrast of 2.71 (foreground color: #ffffff, background color: #c29649, font size: 9.8pt, font weight: normal). Expected contrast ratio of 4.5:1


2) IDs of active elements must be unique: https://dequeuniversity.com/rules/axe/3.1/duplicate-id-active?application=axeAPI
  a) [&amp;quot;input[name=\&amp;quot;show_personal_info\&amp;quot;][type=\&amp;quot;radio\&amp;quot;][value=\&amp;quot;\\31 \&amp;quot;]&amp;quot;]
    Fix any of the following:
      Document has active elements with the same id attribute: show_personal_info


3) &amp;lt;html&amp;gt; element must have a lang attribute: https://dequeuniversity.com/rules/axe/3.1/html-has-lang?application=axeAPI
  a) [&amp;quot;html&amp;quot;]
    Fix any of the following:
      The &amp;lt;html&amp;gt; element does not have a lang attribute


4) Images must have alternate text: https://dequeuniversity.com/rules/axe/3.1/image-alt?application=axeAPI
  a) [&amp;quot;#my_favorites &amp;gt; .material-icons[height=\&amp;quot;\\32 0px\&amp;quot;][width=\&amp;quot;\\32 0px\&amp;quot;]&amp;quot;]
    Fix any of the following:
      Element does not have an alt attribute
      aria-label attribute does not exist or is empty
      aria-labelledby attribute does not exist, references elements that do not exist or references elements that are empty
      Element has no title attribute or the title attribute is empty
      Element&amp;apos;s default semantics were not overridden with role=&amp;quot;presentation&amp;quot;
      Element&amp;apos;s default semantics were not overridden with role=&amp;quot;none&amp;quot;


  b) [&amp;quot;img[width=\&amp;quot;\\31 35px\&amp;quot;]&amp;quot;]
    Fix any of the following:
      Element does not have an alt attribute
      aria-label attribute does not exist or is empty
      aria-labelledby attribute does not exist, references elements that do not exist or references elements that are empty
      Element has no title attribute or the title attribute is empty
      Element&amp;apos;s default semantics were not overridden with role=&amp;quot;presentation&amp;quot;
      Element&amp;apos;s default semantics were not overridden with role=&amp;quot;none&amp;quot;


  c) [&amp;quot;#h &amp;gt; a &amp;gt; .material-icons[height=\&amp;quot;\\32 0px\&amp;quot;][width=\&amp;quot;\\32 0px\&amp;quot;]&amp;quot;]
    Fix any of the following:
      Element does not have an alt attribute
      aria-label attribute does not exist or is empty
      aria-labelledby attribute does not exist, references elements that do not exist or references elements that are empty
      Element has no title attribute or the title attribute is empty
      Element&amp;apos;s default semantics were not overridden with role=&amp;quot;presentation&amp;quot;
      Element&amp;apos;s default semantics were not overridden with role=&amp;quot;none&amp;quot;


  d) [&amp;quot;a[href$=\&amp;quot;quotehealthtip\&amp;quot;] &amp;gt; img&amp;quot;]
    Fix any of the following:
      Element does not have an alt attribute
      aria-label attribute does not exist or is empty
      aria-labelledby attribute does not exist, references elements that do not exist or references elements that are empty
      Element has no title attribute or the title attribute is empty
      Element&amp;apos;s default semantics were not overridden with role=&amp;quot;presentation&amp;quot;
      Element&amp;apos;s default semantics were not overridden with role=&amp;quot;none&amp;quot;


  e) [&amp;quot;img[src$=\&amp;quot;hiring.png\&amp;quot;]&amp;quot;]
    Fix any of the following:
      Element does not have an alt attribute
      aria-label attribute does not exist or is empty
      aria-labelledby attribute does not exist, references elements that do not exist or references elements that are empty
      Element has no title attribute or the title attribute is empty
      Element&amp;apos;s default semantics were not overridden with role=&amp;quot;presentation&amp;quot;
      Element&amp;apos;s default semantics were not overridden with role=&amp;quot;none&amp;quot;


  f) [&amp;quot;a[href=\&amp;quot;/appraisals/index\&amp;quot;] &amp;gt; .material-icons[height=\&amp;quot;\\32 0px\&amp;quot;][width=\&amp;quot;\\32 0px\&amp;quot;]&amp;quot;]
    Fix any of the following:
      Element does not have an alt attribute
      aria-label attribute does not exist or is empty
      aria-labelledby attribute does not exist, references elements that do not exist or references elements that are empty
      Element has no title attribute or the title attribute is empty
      Element&amp;apos;s default semantics were not overridden with role=&amp;quot;presentation&amp;quot;
      Element&amp;apos;s default semantics were not overridden with role=&amp;quot;none&amp;quot;


  g) [&amp;quot;img[src$=\&amp;quot;awards.png\&amp;quot;]&amp;quot;]
    Fix any of the following:
      Element does not have an alt attribute
      aria-label attribute does not exist or is empty
      aria-labelledby attribute does not exist, references elements that do not exist or references elements that are empty
      Element has no title attribute or the title attribute is empty
      Element&amp;apos;s default semantics were not overridden with role=&amp;quot;presentation&amp;quot;
      Element&amp;apos;s default semantics were not overridden with role=&amp;quot;none&amp;quot;


  h) [&amp;quot;.normal:nth-child(5) &amp;gt; a &amp;gt; .material-icons[height=\&amp;quot;\\32 0px\&amp;quot;][width=\&amp;quot;\\32 0px\&amp;quot;]&amp;quot;]
    Fix any of the following:
      Element does not have an alt attribute
      aria-label attribute does not exist or is empty
      aria-labelledby attribute does not exist, references elements that do not exist or references elements that are empty
      Element has no title attribute or the title attribute is empty
      Element&amp;apos;s default semantics were not overridden with role=&amp;quot;presentation&amp;quot;
      Element&amp;apos;s default semantics were not overridden with role=&amp;quot;none&amp;quot;


  i) [&amp;quot;a[href$=\&amp;quot;documents\&amp;quot;] &amp;gt; .material-icons[height=\&amp;quot;\\32 0px\&amp;quot;][width=\&amp;quot;\\32 0px\&amp;quot;]&amp;quot;]
    Fix any of the following:
      Element does not have an alt attribute
      aria-label attribute does not exist or is empty
      aria-labelledby attribute does not exist, references elements that do not exist or references elements that are empty
      Element has no title attribute or the title attribute is empty
      Element&amp;apos;s default semantics were not overridden with role=&amp;quot;presentation&amp;quot;
      Element&amp;apos;s default semantics were not overridden with role=&amp;quot;none&amp;quot;


  j) [&amp;quot;.image_class&amp;quot;]
    Fix any of the following:
      Element does not have an alt attribute
      aria-label attribute does not exist or is empty
      aria-labelledby attribute does not exist, references elements that do not exist or references elements that are empty
      Element has no title attribute or the title attribute is empty
      Element&amp;apos;s default semantics were not overridden with role=&amp;quot;presentation&amp;quot;
      Element&amp;apos;s default semantics were not overridden with role=&amp;quot;none&amp;quot;


5) Form elements must have labels: https://dequeuniversity.com/rules/axe/3.1/label?application=axeAPI
  a) [&amp;quot;#empname&amp;quot;]
    Fix any of the following:
      aria-label attribute does not exist or is empty
      aria-labelledby attribute does not exist, references elements that do not exist or references elements that are empty
      Form element does not have an implicit (wrapped) &amp;lt;label&amp;gt;
      Form element does not have an explicit &amp;lt;label&amp;gt;
      Element has no title attribute or the title attribute is empty


  b) [&amp;quot;#photo&amp;quot;]
    Fix any of the following:
      aria-label attribute does not exist or is empty
      aria-labelledby attribute does not exist, references elements that do not exist or references elements that are empty
      Form element does not have an implicit (wrapped) &amp;lt;label&amp;gt;
      Form element does not have an explicit &amp;lt;label&amp;gt;
      Element has no title attribute or the title attribute is empty


  c) [&amp;quot;#pds_per_email&amp;quot;]
    Fix any of the following:
      aria-label attribute does not exist or is empty
      aria-labelledby attribute does not exist, references elements that do not exist or references elements that are empty
      Form element does not have an implicit (wrapped) &amp;lt;label&amp;gt;
      Form element does not have an explicit &amp;lt;label&amp;gt;
      Element has no title attribute or the title attribute is empty


  d) [&amp;quot;#business_email&amp;quot;]
    Fix any of the following:
      aria-label attribute does not exist or is empty
      aria-labelledby attribute does not exist, references elements that do not exist or references elements that are empty
      Form element does not have an implicit (wrapped) &amp;lt;label&amp;gt;
      Form element does not have an explicit &amp;lt;label&amp;gt;
      Element has no title attribute or the title attribute is empty


  e) [&amp;quot;#work_country_code&amp;quot;]
    Fix any of the following:
      aria-label attribute does not exist or is empty
      aria-labelledby attribute does not exist, references elements that do not exist or references elements that are empty
      Form element does not have an implicit (wrapped) &amp;lt;label&amp;gt;
      Form element does not have an explicit &amp;lt;label&amp;gt;
      Element has no title attribute or the title attribute is empty


  f) [&amp;quot;#work_phone_no&amp;quot;]
    Fix any of the following:
      aria-label attribute does not exist or is empty
      aria-labelledby attribute does not exist, references elements that do not exist or references elements that are empty
      Form element does not have an implicit (wrapped) &amp;lt;label&amp;gt;
      Form element does not have an explicit &amp;lt;label&amp;gt;
      Element has no title attribute or the title attribute is empty


  g) [&amp;quot;#primary_country_code&amp;quot;]
    Fix any of the following:
      aria-label attribute does not exist or is empty
      aria-labelledby attribute does not exist, references elements that do not exist or references elements that are empty
      Form element does not have an implicit (wrapped) &amp;lt;label&amp;gt;
      Form element does not have an explicit &amp;lt;label&amp;gt;
      Element has no title attribute or the title attribute is empty


  h) [&amp;quot;#pds_mobile_num&amp;quot;]
    Fix any of the following:
      aria-label attribute does not exist or is empty
      aria-labelledby attribute does not exist, references elements that do not exist or references elements that are empty
      Form element does not have an implicit (wrapped) &amp;lt;label&amp;gt;
      Form element does not have an explicit &amp;lt;label&amp;gt;
      Element has no title attribute or the title attribute is empty


  i) [&amp;quot;#alternative_country_code&amp;quot;]
    Fix any of the following:
      aria-label attribute does not exist or is empty
      aria-labelledby attribute does not exist, references elements that do not exist or references elements that are empty
      Form element does not have an implicit (wrapped) &amp;lt;label&amp;gt;
      Form element does not have an explicit &amp;lt;label&amp;gt;
      Element has no title attribute or the title attribute is empty


  j) [&amp;quot;#alt_mobile_num&amp;quot;]
    Fix any of the following:
      aria-label attribute does not exist or is empty
      aria-labelledby attribute does not exist, references elements that do not exist or references elements that are empty
      Form element does not have an implicit (wrapped) &amp;lt;label&amp;gt;
      Form element does not have an explicit &amp;lt;label&amp;gt;
      Element has no title attribute or the title attribute is empty


  k) [&amp;quot;#skype_id&amp;quot;]
    Fix any of the following:
      aria-label attribute does not exist or is empty
      aria-labelledby attribute does not exist, references elements that do not exist or references elements that are empty
      Form element does not have an implicit (wrapped) &amp;lt;label&amp;gt;
      Form element does not have an explicit &amp;lt;label&amp;gt;
      Element has no title attribute or the title attribute is empty


  l) [&amp;quot;input[name=\&amp;quot;show_personal_info\&amp;quot;][type=\&amp;quot;radio\&amp;quot;][value=\&amp;quot;\\31 \&amp;quot;]&amp;quot;]
    Fix any of the following:
      aria-label attribute does not exist or is empty
      aria-labelledby attribute does not exist, references elements that do not exist or references elements that are empty
      Form element does not have an implicit (wrapped) &amp;lt;label&amp;gt;
      Form element does not have an explicit &amp;lt;label&amp;gt;
      Element has no title attribute or the title attribute is empty


  m) [&amp;quot;input[name=\&amp;quot;show_personal_info\&amp;quot;][type=\&amp;quot;radio\&amp;quot;][value=\&amp;quot;\\30 \&amp;quot;]&amp;quot;]
    Fix any of the following:
      aria-label attribute does not exist or is empty
      aria-labelledby attribute does not exist, references elements that do not exist or references elements that are empty
      Form element does not have an implicit (wrapped) &amp;lt;label&amp;gt;
      Form element does not have an explicit &amp;lt;label&amp;gt;
      Element has no title attribute or the title attribute is empty


6) Page must have one main landmark: https://dequeuniversity.com/rules/axe/3.1/landmark-one-main?application=axeAPI
  a) [&amp;quot;html&amp;quot;]
    Fix all of the following:
      Page does not have a main landmark


7) Links must have discernible text: https://dequeuniversity.com/rules/axe/3.1/link-name?application=axeAPI
  a) [&amp;quot;a[href$=\&amp;quot;notifications\&amp;quot;]&amp;quot;]
    Fix all of the following:
      Element is in tab order and does not have accessible text

    Fix any of the following:
      Element does not have text that is visible to screen readers
      aria-label attribute does not exist or is empty
      aria-labelledby attribute does not exist, references elements that do not exist or references elements that are empty
      Element&amp;apos;s default semantics were not overridden with role=&amp;quot;presentation&amp;quot;
      Element&amp;apos;s default semantics were not overridden with role=&amp;quot;none&amp;quot;


  b) [&amp;quot;.header-right.left:nth-child(3) &amp;gt; a&amp;quot;]
    Fix all of the following:
      Element is in tab order and does not have accessible text

    Fix any of the following:
      Element does not have text that is visible to screen readers
      aria-label attribute does not exist or is empty
      aria-labelledby attribute does not exist, references elements that do not exist or references elements that are empty
      Element&amp;apos;s default semantics were not overridden with role=&amp;quot;presentation&amp;quot;
      Element&amp;apos;s default semantics were not overridden with role=&amp;quot;none&amp;quot;


  c) [&amp;quot;.innominds-logo&amp;quot;]
    Fix all of the following:
      Element is in tab order and does not have accessible text

    Fix any of the following:
      Element does not have text that is visible to screen readers
      aria-label attribute does not exist or is empty
      aria-labelledby attribute does not exist, references elements that do not exist or references elements that are empty
      Element&amp;apos;s default semantics were not overridden with role=&amp;quot;presentation&amp;quot;
      Element&amp;apos;s default semantics were not overridden with role=&amp;quot;none&amp;quot;


8) Zooming and scaling must not be disabled: https://dequeuniversity.com/rules/axe/3.1/meta-viewport?application=axeAPI
  a) [&amp;quot;#content-left &amp;gt; meta[name=\&amp;quot;viewport\&amp;quot;]&amp;quot;]
    Fix any of the following:
      user-scalable=no on &amp;lt;meta&amp;gt; tag disables zooming on mobile devices


9) Radio inputs with the same name attribute value must be part of a group: https://dequeuniversity.com/rules/axe/3.1/radiogroup?application=axeAPI
  a) [&amp;quot;input[name=\&amp;quot;show_personal_info\&amp;quot;][type=\&amp;quot;radio\&amp;quot;][value=\&amp;quot;\\31 \&amp;quot;]&amp;quot;]
    Fix any of the following:
      All elements with the name &amp;quot;show_personal_info&amp;quot; do not reference the same element with aria-labelledby
      Element does not have a containing fieldset or ARIA group


10) All page content must be contained by landmarks: https://dequeuniversity.com/rules/axe/3.1/region?application=axeAPI
  a) [&amp;quot;html&amp;quot;]
    Fix any of the following:
      Some page content is not contained by landmarks

 expected [true] but found [false]">
      <![CDATA[java.lang.AssertionError: Found 10 accessibility violations:
1) Elements must have sufficient color contrast: https://dequeuniversity.com/rules/axe/3.1/color-contrast?application=axeAPI
  a) [".usernameContainer > p"]
    Fix any of the following:
      Element has insufficient color contrast of 2.1 (foreground color: #ffffff, background color: #eea424, font size: 10.5pt, font weight: normal). Expected contrast ratio of 4.5:1


  b) ["a[href$=\"logout\"]"]
    Fix any of the following:
      Element has insufficient color contrast of 2.1 (foreground color: #ffffff, background color: #eea424, font size: 9.0pt, font weight: normal). Expected contrast ratio of 4.5:1


  c) ["a[href$=\"changepassword\"]"]
    Fix any of the following:
      Element has insufficient color contrast of 2.1 (foreground color: #ffffff, background color: #eea424, font size: 9.0pt, font weight: normal). Expected contrast ratio of 4.5:1


  d) ["#icon-text"]
    Fix any of the following:
      Element has insufficient color contrast of 2.71 (foreground color: #ffffff, background color: #c29649, font size: 9.8pt, font weight: normal). Expected contrast ratio of 4.5:1


2) IDs of active elements must be unique: https://dequeuniversity.com/rules/axe/3.1/duplicate-id-active?application=axeAPI
  a) ["input[name=\"show_personal_info\"][type=\"radio\"][value=\"\\31 \"]"]
    Fix any of the following:
      Document has active elements with the same id attribute: show_personal_info


3) <html> element must have a lang attribute: https://dequeuniversity.com/rules/axe/3.1/html-has-lang?application=axeAPI
  a) ["html"]
    Fix any of the following:
      The <html> element does not have a lang attribute


4) Images must have alternate text: https://dequeuniversity.com/rules/axe/3.1/image-alt?application=axeAPI
  a) ["#my_favorites > .material-icons[height=\"\\32 0px\"][width=\"\\32 0px\"]"]
    Fix any of the following:
      Element does not have an alt attribute
      aria-label attribute does not exist or is empty
      aria-labelledby attribute does not exist, references elements that do not exist or references elements that are empty
      Element has no title attribute or the title attribute is empty
      Element's default semantics were not overridden with role="presentation"
      Element's default semantics were not overridden with role="none"


  b) ["img[width=\"\\31 35px\"]"]
    Fix any of the following:
      Element does not have an alt attribute
      aria-label attribute does not exist or is empty
      aria-labelledby attribute does not exist, references elements that do not exist or references elements that are empty
      Element has no title attribute or the title attribute is empty
      Element's default semantics were not overridden with role="presentation"
      Element's default semantics were not overridden with role="none"


  c) ["#h > a > .material-icons[height=\"\\32 0px\"][width=\"\\32 0px\"]"]
    Fix any of the following:
      Element does not have an alt attribute
      aria-label attribute does not exist or is empty
      aria-labelledby attribute does not exist, references elements that do not exist or references elements that are empty
      Element has no title attribute or the title attribute is empty
      Element's default semantics were not overridden with role="presentation"
      Element's default semantics were not overridden with role="none"


  d) ["a[href$=\"quotehealthtip\"] > img"]
    Fix any of the following:
      Element does not have an alt attribute
      aria-label attribute does not exist or is empty
      aria-labelledby attribute does not exist, references elements that do not exist or references elements that are empty
      Element has no title attribute or the title attribute is empty
      Element's default semantics were not overridden with role="presentation"
      Element's default semantics were not overridden with role="none"


  e) ["img[src$=\"hiring.png\"]"]
    Fix any of the following:
      Element does not have an alt attribute
      aria-label attribute does not exist or is empty
      aria-labelledby attribute does not exist, references elements that do not exist or references elements that are empty
      Element has no title attribute or the title attribute is empty
      Element's default semantics were not overridden with role="presentation"
      Element's default semantics were not overridden with role="none"


  f) ["a[href=\"/appraisals/index\"] > .material-icons[height=\"\\32 0px\"][width=\"\\32 0px\"]"]
    Fix any of the following:
      Element does not have an alt attribute
      aria-label attribute does not exist or is empty
      aria-labelledby attribute does not exist, references elements that do not exist or references elements that are empty
      Element has no title attribute or the title attribute is empty
      Element's default semantics were not overridden with role="presentation"
      Element's default semantics were not overridden with role="none"


  g) ["img[src$=\"awards.png\"]"]
    Fix any of the following:
      Element does not have an alt attribute
      aria-label attribute does not exist or is empty
      aria-labelledby attribute does not exist, references elements that do not exist or references elements that are empty
      Element has no title attribute or the title attribute is empty
      Element's default semantics were not overridden with role="presentation"
      Element's default semantics were not overridden with role="none"


  h) [".normal:nth-child(5) > a > .material-icons[height=\"\\32 0px\"][width=\"\\32 0px\"]"]
    Fix any of the following:
      Element does not have an alt attribute
      aria-label attribute does not exist or is empty
      aria-labelledby attribute does not exist, references elements that do not exist or references elements that are empty
      Element has no title attribute or the title attribute is empty
      Element's default semantics were not overridden with role="presentation"
      Element's default semantics were not overridden with role="none"


  i) ["a[href$=\"documents\"] > .material-icons[height=\"\\32 0px\"][width=\"\\32 0px\"]"]
    Fix any of the following:
      Element does not have an alt attribute
      aria-label attribute does not exist or is empty
      aria-labelledby attribute does not exist, references elements that do not exist or references elements that are empty
      Element has no title attribute or the title attribute is empty
      Element's default semantics were not overridden with role="presentation"
      Element's default semantics were not overridden with role="none"


  j) [".image_class"]
    Fix any of the following:
      Element does not have an alt attribute
      aria-label attribute does not exist or is empty
      aria-labelledby attribute does not exist, references elements that do not exist or references elements that are empty
      Element has no title attribute or the title attribute is empty
      Element's default semantics were not overridden with role="presentation"
      Element's default semantics were not overridden with role="none"


5) Form elements must have labels: https://dequeuniversity.com/rules/axe/3.1/label?application=axeAPI
  a) ["#empname"]
    Fix any of the following:
      aria-label attribute does not exist or is empty
      aria-labelledby attribute does not exist, references elements that do not exist or references elements that are empty
      Form element does not have an implicit (wrapped) <label>
      Form element does not have an explicit <label>
      Element has no title attribute or the title attribute is empty


  b) ["#photo"]
    Fix any of the following:
      aria-label attribute does not exist or is empty
      aria-labelledby attribute does not exist, references elements that do not exist or references elements that are empty
      Form element does not have an implicit (wrapped) <label>
      Form element does not have an explicit <label>
      Element has no title attribute or the title attribute is empty


  c) ["#pds_per_email"]
    Fix any of the following:
      aria-label attribute does not exist or is empty
      aria-labelledby attribute does not exist, references elements that do not exist or references elements that are empty
      Form element does not have an implicit (wrapped) <label>
      Form element does not have an explicit <label>
      Element has no title attribute or the title attribute is empty


  d) ["#business_email"]
    Fix any of the following:
      aria-label attribute does not exist or is empty
      aria-labelledby attribute does not exist, references elements that do not exist or references elements that are empty
      Form element does not have an implicit (wrapped) <label>
      Form element does not have an explicit <label>
      Element has no title attribute or the title attribute is empty


  e) ["#work_country_code"]
    Fix any of the following:
      aria-label attribute does not exist or is empty
      aria-labelledby attribute does not exist, references elements that do not exist or references elements that are empty
      Form element does not have an implicit (wrapped) <label>
      Form element does not have an explicit <label>
      Element has no title attribute or the title attribute is empty


  f) ["#work_phone_no"]
    Fix any of the following:
      aria-label attribute does not exist or is empty
      aria-labelledby attribute does not exist, references elements that do not exist or references elements that are empty
      Form element does not have an implicit (wrapped) <label>
      Form element does not have an explicit <label>
      Element has no title attribute or the title attribute is empty


  g) ["#primary_country_code"]
    Fix any of the following:
      aria-label attribute does not exist or is empty
      aria-labelledby attribute does not exist, references elements that do not exist or references elements that are empty
      Form element does not have an implicit (wrapped) <label>
      Form element does not have an explicit <label>
      Element has no title attribute or the title attribute is empty


  h) ["#pds_mobile_num"]
    Fix any of the following:
      aria-label attribute does not exist or is empty
      aria-labelledby attribute does not exist, references elements that do not exist or references elements that are empty
      Form element does not have an implicit (wrapped) <label>
      Form element does not have an explicit <label>
      Element has no title attribute or the title attribute is empty


  i) ["#alternative_country_code"]
    Fix any of the following:
      aria-label attribute does not exist or is empty
      aria-labelledby attribute does not exist, references elements that do not exist or references elements that are empty
      Form element does not have an implicit (wrapped) <label>
      Form element does not have an explicit <label>
      Element has no title attribute or the title attribute is empty


  j) ["#alt_mobile_num"]
    Fix any of the following:
      aria-label attribute does not exist or is empty
      aria-labelledby attribute does not exist, references elements that do not exist or references elements that are empty
      Form element does not have an implicit (wrapped) <label>
      Form element does not have an explicit <label>
      Element has no title attribute or the title attribute is empty


  k) ["#skype_id"]
    Fix any of the following:
      aria-label attribute does not exist or is empty
      aria-labelledby attribute does not exist, references elements that do not exist or references elements that are empty
      Form element does not have an implicit (wrapped) <label>
      Form element does not have an explicit <label>
      Element has no title attribute or the title attribute is empty


  l) ["input[name=\"show_personal_info\"][type=\"radio\"][value=\"\\31 \"]"]
    Fix any of the following:
      aria-label attribute does not exist or is empty
      aria-labelledby attribute does not exist, references elements that do not exist or references elements that are empty
      Form element does not have an implicit (wrapped) <label>
      Form element does not have an explicit <label>
      Element has no title attribute or the title attribute is empty


  m) ["input[name=\"show_personal_info\"][type=\"radio\"][value=\"\\30 \"]"]
    Fix any of the following:
      aria-label attribute does not exist or is empty
      aria-labelledby attribute does not exist, references elements that do not exist or references elements that are empty
      Form element does not have an implicit (wrapped) <label>
      Form element does not have an explicit <label>
      Element has no title attribute or the title attribute is empty


6) Page must have one main landmark: https://dequeuniversity.com/rules/axe/3.1/landmark-one-main?application=axeAPI
  a) ["html"]
    Fix all of the following:
      Page does not have a main landmark


7) Links must have discernible text: https://dequeuniversity.com/rules/axe/3.1/link-name?application=axeAPI
  a) ["a[href$=\"notifications\"]"]
    Fix all of the following:
      Element is in tab order and does not have accessible text

    Fix any of the following:
      Element does not have text that is visible to screen readers
      aria-label attribute does not exist or is empty
      aria-labelledby attribute does not exist, references elements that do not exist or references elements that are empty
      Element's default semantics were not overridden with role="presentation"
      Element's default semantics were not overridden with role="none"


  b) [".header-right.left:nth-child(3) > a"]
    Fix all of the following:
      Element is in tab order and does not have accessible text

    Fix any of the following:
      Element does not have text that is visible to screen readers
      aria-label attribute does not exist or is empty
      aria-labelledby attribute does not exist, references elements that do not exist or references elements that are empty
      Element's default semantics were not overridden with role="presentation"
      Element's default semantics were not overridden with role="none"


  c) [".innominds-logo"]
    Fix all of the following:
      Element is in tab order and does not have accessible text

    Fix any of the following:
      Element does not have text that is visible to screen readers
      aria-label attribute does not exist or is empty
      aria-labelledby attribute does not exist, references elements that do not exist or references elements that are empty
      Element's default semantics were not overridden with role="presentation"
      Element's default semantics were not overridden with role="none"


8) Zooming and scaling must not be disabled: https://dequeuniversity.com/rules/axe/3.1/meta-viewport?application=axeAPI
  a) ["#content-left > meta[name=\"viewport\"]"]
    Fix any of the following:
      user-scalable=no on <meta> tag disables zooming on mobile devices


9) Radio inputs with the same name attribute value must be part of a group: https://dequeuniversity.com/rules/axe/3.1/radiogroup?application=axeAPI
  a) ["input[name=\"show_personal_info\"][type=\"radio\"][value=\"\\31 \"]"]
    Fix any of the following:
      All elements with the name "show_personal_info" do not reference the same element with aria-labelledby
      Element does not have a containing fieldset or ARIA group


10) All page content must be contained by landmarks: https://dequeuniversity.com/rules/axe/3.1/region?application=axeAPI
  a) ["html"]
    Fix any of the following:
      Some page content is not contained by landmarks

 expected [true] but found [false]
at genericLib.WebDriverUtilies.axelib(WebDriverUtilies.java:31)
at scripts.MyProfile.Validate_MyProfile_Module_On_Myspace_App(MyProfile.java:19)
at java.base/java.util.ArrayList.forEach(ArrayList.java:1511)
... Removed 30 stack frames]]>
    </failure>
  </testcase> <!-- Validate_MyProfile_Module_On_Myspace_App -->
  <testcase classname="scripts.Quiz" name="Validate_Quiz_Module_On_Myspace_App" time="21.13">
    <failure type="java.lang.AssertionError" message="Found 8 accessibility violations:
1) Elements must have sufficient color contrast: https://dequeuniversity.com/rules/axe/3.1/color-contrast?application=axeAPI
  a) [&amp;quot;.usernameContainer &amp;gt; p&amp;quot;]
    Fix any of the following:
      Element has insufficient color contrast of 2.1 (foreground color: #ffffff, background color: #eea424, font size: 10.5pt, font weight: normal). Expected contrast ratio of 4.5:1


  b) [&amp;quot;a[href$=\&amp;quot;logout\&amp;quot;]&amp;quot;]
    Fix any of the following:
      Element has insufficient color contrast of 2.1 (foreground color: #ffffff, background color: #eea424, font size: 9.0pt, font weight: normal). Expected contrast ratio of 4.5:1


  c) [&amp;quot;a[href$=\&amp;quot;changepassword\&amp;quot;]&amp;quot;]
    Fix any of the following:
      Element has insufficient color contrast of 2.1 (foreground color: #ffffff, background color: #eea424, font size: 9.0pt, font weight: normal). Expected contrast ratio of 4.5:1


  d) [&amp;quot;#icon-text&amp;quot;]
    Fix any of the following:
      Element has insufficient color contrast of 2.71 (foreground color: #ffffff, background color: #c29649, font size: 9.8pt, font weight: normal). Expected contrast ratio of 4.5:1


  e) [&amp;quot;strong&amp;quot;]
    Fix any of the following:
      Element has insufficient color contrast of 3.99 (foreground color: #ff0000, background color: #ffffff, font size: 9.0pt, font weight: bold). Expected contrast ratio of 4.5:1


2) &amp;lt;html&amp;gt; element must have a lang attribute: https://dequeuniversity.com/rules/axe/3.1/html-has-lang?application=axeAPI
  a) [&amp;quot;html&amp;quot;]
    Fix any of the following:
      The &amp;lt;html&amp;gt; element does not have a lang attribute


3) Images must have alternate text: https://dequeuniversity.com/rules/axe/3.1/image-alt?application=axeAPI
  a) [&amp;quot;#my_favorites &amp;gt; .material-icons[height=\&amp;quot;\\32 0px\&amp;quot;][width=\&amp;quot;\\32 0px\&amp;quot;]&amp;quot;]
    Fix any of the following:
      Element does not have an alt attribute
      aria-label attribute does not exist or is empty
      aria-labelledby attribute does not exist, references elements that do not exist or references elements that are empty
      Element has no title attribute or the title attribute is empty
      Element&amp;apos;s default semantics were not overridden with role=&amp;quot;presentation&amp;quot;
      Element&amp;apos;s default semantics were not overridden with role=&amp;quot;none&amp;quot;


  b) [&amp;quot;#h &amp;gt; a &amp;gt; .material-icons[height=\&amp;quot;\\32 0px\&amp;quot;][width=\&amp;quot;\\32 0px\&amp;quot;]&amp;quot;]
    Fix any of the following:
      Element does not have an alt attribute
      aria-label attribute does not exist or is empty
      aria-labelledby attribute does not exist, references elements that do not exist or references elements that are empty
      Element has no title attribute or the title attribute is empty
      Element&amp;apos;s default semantics were not overridden with role=&amp;quot;presentation&amp;quot;
      Element&amp;apos;s default semantics were not overridden with role=&amp;quot;none&amp;quot;


  c) [&amp;quot;a[href$=\&amp;quot;quotehealthtip\&amp;quot;] &amp;gt; img&amp;quot;]
    Fix any of the following:
      Element does not have an alt attribute
      aria-label attribute does not exist or is empty
      aria-labelledby attribute does not exist, references elements that do not exist or references elements that are empty
      Element has no title attribute or the title attribute is empty
      Element&amp;apos;s default semantics were not overridden with role=&amp;quot;presentation&amp;quot;
      Element&amp;apos;s default semantics were not overridden with role=&amp;quot;none&amp;quot;


  d) [&amp;quot;img[src$=\&amp;quot;hiring.png\&amp;quot;]&amp;quot;]
    Fix any of the following:
      Element does not have an alt attribute
      aria-label attribute does not exist or is empty
      aria-labelledby attribute does not exist, references elements that do not exist or references elements that are empty
      Element has no title attribute or the title attribute is empty
      Element&amp;apos;s default semantics were not overridden with role=&amp;quot;presentation&amp;quot;
      Element&amp;apos;s default semantics were not overridden with role=&amp;quot;none&amp;quot;


  e) [&amp;quot;a[href=\&amp;quot;/appraisals/index\&amp;quot;] &amp;gt; .material-icons[height=\&amp;quot;\\32 0px\&amp;quot;][width=\&amp;quot;\\32 0px\&amp;quot;]&amp;quot;]
    Fix any of the following:
      Element does not have an alt attribute
      aria-label attribute does not exist or is empty
      aria-labelledby attribute does not exist, references elements that do not exist or references elements that are empty
      Element has no title attribute or the title attribute is empty
      Element&amp;apos;s default semantics were not overridden with role=&amp;quot;presentation&amp;quot;
      Element&amp;apos;s default semantics were not overridden with role=&amp;quot;none&amp;quot;


  f) [&amp;quot;img[src$=\&amp;quot;awards.png\&amp;quot;]&amp;quot;]
    Fix any of the following:
      Element does not have an alt attribute
      aria-label attribute does not exist or is empty
      aria-labelledby attribute does not exist, references elements that do not exist or references elements that are empty
      Element has no title attribute or the title attribute is empty
      Element&amp;apos;s default semantics were not overridden with role=&amp;quot;presentation&amp;quot;
      Element&amp;apos;s default semantics were not overridden with role=&amp;quot;none&amp;quot;


  g) [&amp;quot;.normal:nth-child(5) &amp;gt; a &amp;gt; .material-icons[height=\&amp;quot;\\32 0px\&amp;quot;][width=\&amp;quot;\\32 0px\&amp;quot;]&amp;quot;]
    Fix any of the following:
      Element does not have an alt attribute
      aria-label attribute does not exist or is empty
      aria-labelledby attribute does not exist, references elements that do not exist or references elements that are empty
      Element has no title attribute or the title attribute is empty
      Element&amp;apos;s default semantics were not overridden with role=&amp;quot;presentation&amp;quot;
      Element&amp;apos;s default semantics were not overridden with role=&amp;quot;none&amp;quot;


  h) [&amp;quot;a[href$=\&amp;quot;documents\&amp;quot;] &amp;gt; .material-icons[height=\&amp;quot;\\32 0px\&amp;quot;][width=\&amp;quot;\\32 0px\&amp;quot;]&amp;quot;]
    Fix any of the following:
      Element does not have an alt attribute
      aria-label attribute does not exist or is empty
      aria-labelledby attribute does not exist, references elements that do not exist or references elements that are empty
      Element has no title attribute or the title attribute is empty
      Element&amp;apos;s default semantics were not overridden with role=&amp;quot;presentation&amp;quot;
      Element&amp;apos;s default semantics were not overridden with role=&amp;quot;none&amp;quot;


  i) [&amp;quot;.image_class&amp;quot;]
    Fix any of the following:
      Element does not have an alt attribute
      aria-label attribute does not exist or is empty
      aria-labelledby attribute does not exist, references elements that do not exist or references elements that are empty
      Element has no title attribute or the title attribute is empty
      Element&amp;apos;s default semantics were not overridden with role=&amp;quot;presentation&amp;quot;
      Element&amp;apos;s default semantics were not overridden with role=&amp;quot;none&amp;quot;


4) Form elements must have labels: https://dequeuniversity.com/rules/axe/3.1/label?application=axeAPI
  a) [&amp;quot;#empname&amp;quot;]
    Fix any of the following:
      aria-label attribute does not exist or is empty
      aria-labelledby attribute does not exist, references elements that do not exist or references elements that are empty
      Form element does not have an implicit (wrapped) &amp;lt;label&amp;gt;
      Form element does not have an explicit &amp;lt;label&amp;gt;
      Element has no title attribute or the title attribute is empty


5) Page must have one main landmark: https://dequeuniversity.com/rules/axe/3.1/landmark-one-main?application=axeAPI
  a) [&amp;quot;html&amp;quot;]
    Fix all of the following:
      Page does not have a main landmark


6) Links must have discernible text: https://dequeuniversity.com/rules/axe/3.1/link-name?application=axeAPI
  a) [&amp;quot;a[href$=\&amp;quot;notifications\&amp;quot;]&amp;quot;]
    Fix all of the following:
      Element is in tab order and does not have accessible text

    Fix any of the following:
      Element does not have text that is visible to screen readers
      aria-label attribute does not exist or is empty
      aria-labelledby attribute does not exist, references elements that do not exist or references elements that are empty
      Element&amp;apos;s default semantics were not overridden with role=&amp;quot;presentation&amp;quot;
      Element&amp;apos;s default semantics were not overridden with role=&amp;quot;none&amp;quot;


  b) [&amp;quot;.header-right.left:nth-child(3) &amp;gt; a&amp;quot;]
    Fix all of the following:
      Element is in tab order and does not have accessible text

    Fix any of the following:
      Element does not have text that is visible to screen readers
      aria-label attribute does not exist or is empty
      aria-labelledby attribute does not exist, references elements that do not exist or references elements that are empty
      Element&amp;apos;s default semantics were not overridden with role=&amp;quot;presentation&amp;quot;
      Element&amp;apos;s default semantics were not overridden with role=&amp;quot;none&amp;quot;


  c) [&amp;quot;.innominds-logo&amp;quot;]
    Fix all of the following:
      Element is in tab order and does not have accessible text

    Fix any of the following:
      Element does not have text that is visible to screen readers
      aria-label attribute does not exist or is empty
      aria-labelledby attribute does not exist, references elements that do not exist or references elements that are empty
      Element&amp;apos;s default semantics were not overridden with role=&amp;quot;presentation&amp;quot;
      Element&amp;apos;s default semantics were not overridden with role=&amp;quot;none&amp;quot;


7) Zooming and scaling must not be disabled: https://dequeuniversity.com/rules/axe/3.1/meta-viewport?application=axeAPI
  a) [&amp;quot;#content-left &amp;gt; meta[name=\&amp;quot;viewport\&amp;quot;]&amp;quot;]
    Fix any of the following:
      user-scalable=no on &amp;lt;meta&amp;gt; tag disables zooming on mobile devices


8) All page content must be contained by landmarks: https://dequeuniversity.com/rules/axe/3.1/region?application=axeAPI
  a) [&amp;quot;html&amp;quot;]
    Fix any of the following:
      Some page content is not contained by landmarks

 expected [true] but found [false]">
      <![CDATA[java.lang.AssertionError: Found 8 accessibility violations:
1) Elements must have sufficient color contrast: https://dequeuniversity.com/rules/axe/3.1/color-contrast?application=axeAPI
  a) [".usernameContainer > p"]
    Fix any of the following:
      Element has insufficient color contrast of 2.1 (foreground color: #ffffff, background color: #eea424, font size: 10.5pt, font weight: normal). Expected contrast ratio of 4.5:1


  b) ["a[href$=\"logout\"]"]
    Fix any of the following:
      Element has insufficient color contrast of 2.1 (foreground color: #ffffff, background color: #eea424, font size: 9.0pt, font weight: normal). Expected contrast ratio of 4.5:1


  c) ["a[href$=\"changepassword\"]"]
    Fix any of the following:
      Element has insufficient color contrast of 2.1 (foreground color: #ffffff, background color: #eea424, font size: 9.0pt, font weight: normal). Expected contrast ratio of 4.5:1


  d) ["#icon-text"]
    Fix any of the following:
      Element has insufficient color contrast of 2.71 (foreground color: #ffffff, background color: #c29649, font size: 9.8pt, font weight: normal). Expected contrast ratio of 4.5:1


  e) ["strong"]
    Fix any of the following:
      Element has insufficient color contrast of 3.99 (foreground color: #ff0000, background color: #ffffff, font size: 9.0pt, font weight: bold). Expected contrast ratio of 4.5:1


2) <html> element must have a lang attribute: https://dequeuniversity.com/rules/axe/3.1/html-has-lang?application=axeAPI
  a) ["html"]
    Fix any of the following:
      The <html> element does not have a lang attribute


3) Images must have alternate text: https://dequeuniversity.com/rules/axe/3.1/image-alt?application=axeAPI
  a) ["#my_favorites > .material-icons[height=\"\\32 0px\"][width=\"\\32 0px\"]"]
    Fix any of the following:
      Element does not have an alt attribute
      aria-label attribute does not exist or is empty
      aria-labelledby attribute does not exist, references elements that do not exist or references elements that are empty
      Element has no title attribute or the title attribute is empty
      Element's default semantics were not overridden with role="presentation"
      Element's default semantics were not overridden with role="none"


  b) ["#h > a > .material-icons[height=\"\\32 0px\"][width=\"\\32 0px\"]"]
    Fix any of the following:
      Element does not have an alt attribute
      aria-label attribute does not exist or is empty
      aria-labelledby attribute does not exist, references elements that do not exist or references elements that are empty
      Element has no title attribute or the title attribute is empty
      Element's default semantics were not overridden with role="presentation"
      Element's default semantics were not overridden with role="none"


  c) ["a[href$=\"quotehealthtip\"] > img"]
    Fix any of the following:
      Element does not have an alt attribute
      aria-label attribute does not exist or is empty
      aria-labelledby attribute does not exist, references elements that do not exist or references elements that are empty
      Element has no title attribute or the title attribute is empty
      Element's default semantics were not overridden with role="presentation"
      Element's default semantics were not overridden with role="none"


  d) ["img[src$=\"hiring.png\"]"]
    Fix any of the following:
      Element does not have an alt attribute
      aria-label attribute does not exist or is empty
      aria-labelledby attribute does not exist, references elements that do not exist or references elements that are empty
      Element has no title attribute or the title attribute is empty
      Element's default semantics were not overridden with role="presentation"
      Element's default semantics were not overridden with role="none"


  e) ["a[href=\"/appraisals/index\"] > .material-icons[height=\"\\32 0px\"][width=\"\\32 0px\"]"]
    Fix any of the following:
      Element does not have an alt attribute
      aria-label attribute does not exist or is empty
      aria-labelledby attribute does not exist, references elements that do not exist or references elements that are empty
      Element has no title attribute or the title attribute is empty
      Element's default semantics were not overridden with role="presentation"
      Element's default semantics were not overridden with role="none"


  f) ["img[src$=\"awards.png\"]"]
    Fix any of the following:
      Element does not have an alt attribute
      aria-label attribute does not exist or is empty
      aria-labelledby attribute does not exist, references elements that do not exist or references elements that are empty
      Element has no title attribute or the title attribute is empty
      Element's default semantics were not overridden with role="presentation"
      Element's default semantics were not overridden with role="none"


  g) [".normal:nth-child(5) > a > .material-icons[height=\"\\32 0px\"][width=\"\\32 0px\"]"]
    Fix any of the following:
      Element does not have an alt attribute
      aria-label attribute does not exist or is empty
      aria-labelledby attribute does not exist, references elements that do not exist or references elements that are empty
      Element has no title attribute or the title attribute is empty
      Element's default semantics were not overridden with role="presentation"
      Element's default semantics were not overridden with role="none"


  h) ["a[href$=\"documents\"] > .material-icons[height=\"\\32 0px\"][width=\"\\32 0px\"]"]
    Fix any of the following:
      Element does not have an alt attribute
      aria-label attribute does not exist or is empty
      aria-labelledby attribute does not exist, references elements that do not exist or references elements that are empty
      Element has no title attribute or the title attribute is empty
      Element's default semantics were not overridden with role="presentation"
      Element's default semantics were not overridden with role="none"


  i) [".image_class"]
    Fix any of the following:
      Element does not have an alt attribute
      aria-label attribute does not exist or is empty
      aria-labelledby attribute does not exist, references elements that do not exist or references elements that are empty
      Element has no title attribute or the title attribute is empty
      Element's default semantics were not overridden with role="presentation"
      Element's default semantics were not overridden with role="none"


4) Form elements must have labels: https://dequeuniversity.com/rules/axe/3.1/label?application=axeAPI
  a) ["#empname"]
    Fix any of the following:
      aria-label attribute does not exist or is empty
      aria-labelledby attribute does not exist, references elements that do not exist or references elements that are empty
      Form element does not have an implicit (wrapped) <label>
      Form element does not have an explicit <label>
      Element has no title attribute or the title attribute is empty


5) Page must have one main landmark: https://dequeuniversity.com/rules/axe/3.1/landmark-one-main?application=axeAPI
  a) ["html"]
    Fix all of the following:
      Page does not have a main landmark


[...]
      Element&amp;apos;s default semantics were not overridden with role=&amp;quot;none&amp;quot;


  b) [&amp;quot;.header-right.left:nth-child(3) &amp;gt; a&amp;quot;]
    Fix all of the following:
      Element is in tab order and does not have accessible text

    Fix any of the following:
      Element does not have text that is visible to screen readers
      aria-label attribute does not exist or is empty
      aria-labelledby attribute does not exist, references elements that do not exist or references elements that are empty
      Element&amp;apos;s default semantics were not overridden with role=&amp;quot;presentation&amp;quot;
      Element&amp;apos;s default semantics were not overridden with role=&amp;quot;none&amp;quot;


  c) [&amp;quot;.innominds-logo&amp;quot;]
    Fix all of the following:
      Element is in tab order and does not have accessible text

    Fix any of the following:
      Element does not have text that is visible to screen readers
      aria-label attribute does not exist or is empty
      aria-labelledby attribute does not exist, references elements that do not exist or references elements that are empty
      Element&amp;apos;s default semantics were not overridden with role=&amp;quot;presentation&amp;quot;
      Element&amp;apos;s default semantics were not overridden with role=&amp;quot;none&amp;quot;


7) Zooming and scaling must not be disabled: https://dequeuniversity.com/rules/axe/3.1/meta-viewport?application=axeAPI
  a) [&amp;quot;#content-left &amp;gt; meta[name=\&amp;quot;viewport\&amp;quot;]&amp;quot;]
    Fix any of the following:
      user-scalable=no on &amp;lt;meta&amp;gt; tag disables zooming on mobile devices


8) All page content must be contained by landmarks: https://dequeuniversity.com/rules/axe/3.1/region?application=axeAPI
  a) [&amp;quot;html&amp;quot;]
    Fix any of the following:
      Some page content is not contained by landmarks

 expected [true] but found [false]">
      <![CDATA[java.lang.AssertionError: Found 8 accessibility violations:
1) Elements must have sufficient color contrast: https://dequeuniversity.com/rules/axe/3.1/color-contrast?application=axeAPI
  a) [".usernameContainer > p"]
    Fix any of the following:
      Element has insufficient color contrast of 2.1 (foreground color: #ffffff, background color: #eea424, font size: 10.5pt, font weight: normal). Expected contrast ratio of 4.5:1


  b) ["a[href$=\"logout\"]"]
    Fix any of the following:
      Element has insufficient color contrast of 2.1 (foreground color: #ffffff, background color: #eea424, font size: 9.0pt, font weight: normal). Expected contrast ratio of 4.5:1


  c) ["a[href$=\"changepassword\"]"]
    Fix any of the following:
      Element has insufficient color contrast of 2.1 (foreground color: #ffffff, background color: #eea424, font size: 9.0pt, font weight: normal). Expected contrast ratio of 4.5:1


  d) ["#icon-text"]
    Fix any of the following:
      Element has insufficient color contrast of 2.71 (foreground color: #ffffff, background color: #c29649, font size: 9.8pt, font weight: normal). Expected contrast ratio of 4.5:1


2) <html> element must have a lang attribute: https://dequeuniversity.com/rules/axe/3.1/html-has-lang?application=axeAPI
  a) ["html"]
    Fix any of the following:
      The <html> element does not have a lang attribute


3) Images must have alternate text: https://dequeuniversity.com/rules/axe/3.1/image-alt?application=axeAPI
  a) ["#my_favorites > .material-icons[height=\"\\32 0px\"][width=\"\\32 0px\"]"]
    Fix any of the following:
      Element does not have an alt attribute
      aria-label attribute does not exist or is empty
      aria-labelledby attribute does not exist, references elements that do not exist or references elements that are empty
      Element has no title attribute or the title attribute is empty
      Element's default semantics were not overridden with role="presentation"
      Element's default semantics were not overridden with role="none"


  b) [".left-lists.normal:nth-child(1) > a > .material-icons[height=\"\\32 0px\"][width=\"\\32 0px\"]"]
    Fix any of the following:
      Element does not have an alt attribute
      aria-label attribute does not exist or is empty
      aria-labelledby attribute does not exist, references elements that do not exist or references elements that are empty
      Element has no title attribute or the title attribute is empty
      Element's default semantics were not overridden with role="presentation"
      Element's default semantics were not overridden with role="none"


  c) ["img[src$=\"hiring.png\"]"]
    Fix any of the following:
      Element does not have an alt attribute
      aria-label attribute does not exist or is empty
      aria-labelledby attribute does not exist, references elements that do not exist or references elements that are empty
      Element has no title attribute or the title attribute is empty
      Element's default semantics were not overridden with role="presentation"
      Element's default semantics were not overridden with role="none"


  d) ["a[href=\"/appraisals/index\"] > .material-icons[height=\"\\32 0px\"][width=\"\\32 0px\"]"]
    Fix any of the following:
      Element does not have an alt attribute
      aria-label attribute does not exist or is empty
      aria-labelledby attribute does not exist, references elements that do not exist or references elements that are empty
      Element has no title attribute or the title attribute is empty
      Element's default semantics were not overridden with role="presentation"
      Element's default semantics were not overridden with role="none"


  e) ["img[src$=\"awards.png\"]"]
    Fix any of the following:
      Element does not have an alt attribute
      aria-label attribute does not exist or is empty
      aria-labelledby attribute does not exist, references elements that do not exist or references elements that are empty
      Element has no title attribute or the title attribute is empty
      Element's default semantics were not overridden with role="presentation"
      Element's default semantics were not overridden with role="none"


  f) [".normal:nth-child(5) > a > .material-icons[height=\"\\32 0px\"][width=\"\\32 0px\"]"]
    Fix any of the following:
      Element does not have an alt attribute
      aria-label attribute does not exist or is empty
      aria-labelledby attribute does not exist, references elements that do not exist or references elements that are empty
      Element has no title attribute or the title attribute is empty
      Element's default semantics were not overridden with role="presentation"
      Element's default semantics were not overridden with role="none"


  g) ["a[href$=\"documents\"] > .material-icons[height=\"\\32 0px\"][width=\"\\32 0px\"]"]
    Fix any of the following:
      Element does not have an alt attribute
      aria-label attribute does not exist or is empty
      aria-labelledby attribute does not exist, references elements that do not exist or references elements that are empty
      Element has no title attribute or the title attribute is empty
      Element's default semantics were not overridden with role="presentation"
      Element's default semantics were not overridden with role="none"


  h) [".image_class"]
    Fix any of the following:
      Element does not have an alt attribute
      aria-label attribute does not exist or is empty
      aria-labelledby attribute does not exist, references elements that do not exist or references elements that are empty
      Element has no title attribute or the title attribute is empty
      Element's default semantics were not overridden with role="presentation"
      Element's default semantics were not overridden with role="none"


4) Form elements must have labels: https://dequeuniversity.com/rules/axe/3.1/label?application=axeAPI
  a) ["#empname"]
    Fix any of the following:
      aria-label attribute does not exist or is empty
      aria-labelledby attribute does not exist, references elements that do not exist or references elements that are empty
      Form element does not have an implicit (wrapped) <label>
      Form element does not have an explicit <label>
      Element has no title attribute or the title attribute is empty


5) Page must have one main landmark: https://dequeuniversity.com/rules/axe/3.1/landmark-one-main?application=axeAPI
  a) ["html"]
    Fix all of the following:
      Page does not have a main landmark


6) Links must have discernible text: https://dequeuniversity.com/rules/axe/3.1/link-name?application=axeAPI
  a) ["a[href$=\"notifications\"]"]
    Fix all of the following:
      Element is in tab order and does not have accessible text

    Fix any of the following:
      Element does not have text that is visible to screen readers
      aria-label attribute does not exist or is empty
      aria-labelledby attribute does not exist, references elements that do not exist or references elements that are empty
      Element's default semantics were not overridden with role="presentation"
      Element's default semantics were not overridden with role="none"


  b) [".header-right.left:nth-child(3) > a"]
    Fix all of the following:
      Element is in tab order and does not have accessible text

    Fix any of the following:
      Element does not have text that is visible to screen readers
      aria-label attribute does not exist or is empty
      aria-labelledby attribute does not exist, references elements that do not exist or references elements that are empty
      Element's default semantics were not overridden with role="presentation"
      Element's default semantics were not overridden with role="none"


  c) [".innominds-logo"]
    Fix all of the following:
      Element is in tab order and does not have accessible text

    Fix any of the following:
      Element does not have text that is visible to screen readers
      aria-label attribute does not exist or is empty
      aria-labelledby attribute does not exist, references elements that do not exist or references elements that are empty
      Element's default semantics were not overridden with role="presentation"
      Element's default semantics were not overridden with role="none"


7) Zooming and scaling must not be disabled: https://dequeuniversity.com/rules/axe/3.1/meta-viewport?application=axeAPI
  a) ["#content-left > meta[name=\"viewport\"]"]
    Fix any of the following:
      user-scalable=no on <meta> tag disables zooming on mobile devices


8) All page content must be contained by landmarks: https://dequeuniversity.com/rules/axe/3.1/region?application=axeAPI
  a) ["html"]
    Fix any of the following:
      Some page content is not contained by landmarks

 expected [true] but found [false]
at genericLib.WebDriverUtilies.axelib(WebDriverUtilies.java:31)
at performance_Appraisals.PerformanceAppraisals.Validate_PerformanceAppraisals_Module_On_Myspace_App(PerformanceAppraisals.java:13)
at java.base/java.util.ArrayList.forEach(ArrayList.java:1511)
... Removed 30 stack frames]]>
    </failure>
  </testcase> <!-- Validate_PerformanceAppraisals_Module_On_Myspace_App -->
  <testcase classname="performance_Appraisals.SelfAppraisal" name="Validate_SelfAppraisal_Module_On_Myspace_App" time="20.053">
    <failure type="org.openqa.selenium.ElementNotInteractableException" message="element not interactable
  (Session info: chrome=121.0.6167.185)
Build info: version: &amp;apos;4.16.1&amp;apos;, revision: &amp;apos;9b4c83354e&amp;apos;
System info: os.name: &amp;apos;Windows 11&amp;apos;, os.arch: &amp;apos;amd64&amp;apos;, os.version: &amp;apos;10.0&amp;apos;, java.version: &amp;apos;17.0.9&amp;apos;
Driver info: org.openqa.selenium.chrome.ChromeDriver
Command: [5d9bbbb66457cf472f7b2e53a84670b8, clickElement {id=5E4FC0A7F8909FE4D633DC6C9669671B_element_48}]
Capabilities {acceptInsecureCerts: false, browserName: chrome, browserVersion: 121.0.6167.185, chrome: {chromedriverVersion: 121.0.6167.184 (057a8ae7deb..., userDataDir: C:\Users\GRBHAR~1\AppData\L...}, fedcm:accounts: true, goog:chromeOptions: {debuggerAddress: localhost:61073}, networkConnectionEnabled: false, pageLoadStrategy: normal, platformName: windows, proxy: Proxy(), se:cdp: ws://localhost:61073/devtoo..., se:cdpVersion: 121.0.6167.185, setWindowRect: true, strictFileInteractability: false, timeouts: {implicit: 0, pageLoad: 300000, script: 30000}, unhandledPromptBehavior: dismiss and notify, webauthn:extension:credBlob: true, webauthn:extension:largeBlob: true, webauthn:extension:minPinLength: true, webauthn:extension:prf: true, webauthn:virtualAuthenticators: true}
Element: [[ChromeDriver: chrome on windows (5d9bbbb66457cf472f7b2e53a84670b8)] -&amp;gt; xpath: //a[text()=&amp;apos;Self	Appraisal&amp;apos;]]
Session ID: 5d9bbbb66457cf472f7b2e53a84670b8">
      <![CDATA[org.openqa.selenium.ElementNotInteractableException: element not interactable
  (Session info: chrome=121.0.6167.185)
Build info: version: '4.16.1', revision: '9b4c83354e'
System info: os.name: 'Windows 11', os.arch: 'amd64', os.version: '10.0', java.version: '17.0.9'
Driver info: org.openqa.selenium.chrome.ChromeDriver
Command: [5d9bbbb66457cf472f7b2e53a84670b8, clickElement {id=5E4FC0A7F8909FE4D633DC6C9669671B_element_48}]
Capabilities {acceptInsecureCerts: false, browserName: chrome, browserVersion: 121.0.6167.185, chrome: {chromedriverVersion: 121.0.6167.184 (057a8ae7deb..., userDataDir: C:\Users\GRBHAR~1\AppData\L...}, fedcm:accounts: true, goog:chromeOptions: {debuggerAddress: localhost:61073}, networkConnectionEnabled: false, pageLoadStrategy: normal, platformName: windows, proxy: Proxy(), se:cdp: ws://localhost:61073/devtoo..., se:cdpVersion: 121.0.6167.185, setWindowRect: true, strictFileInteractability: false, timeouts: {implicit: 0, pageLoad: 300000, script: 30000}, unhandledPromptBehavior: dismiss and notify, webauthn:extension:credBlob: true, webauthn:extension:largeBlob: true, webauthn:extension:minPinLength: true, webauthn:extension:prf: true, webauthn:virtualAuthenticators: true}
Element: [[ChromeDriver: chrome on windows (5d9bbbb66457cf472f7b2e53a84670b8)] -> xpath: //a[text()='SelfAppraisal']]
Session ID: 5d9bbbb66457cf472f7b2e53a84670b8
at org.openqa.selenium.remote.codec.w3c.W3CHttpResponseCodec.createException(W3CHttpResponseCodec.java:200)
at org.openqa.selenium.remote.codec.w3c.W3CHttpResponseCodec.decode(W3CHttpResponseCodec.java:133)
at org.openqa.selenium.remote.codec.w3c.W3CHttpResponseCodec.decode(W3CHttpResponseCodec.java:52)
at org.openqa.selenium.remote.HttpCommandExecutor.execute(HttpCommandExecutor.java:191)
at org.openqa.selenium.remote.service.DriverCommandExecutor.invokeExecute(DriverCommandExecutor.java:200)
at org.openqa.selenium.remote.service.DriverCommandExecutor.execute(DriverCommandExecutor.java:175)
at org.openqa.selenium.remote.RemoteWebDriver.execute(RemoteWebDriver.java:523)
at org.openqa.selenium.remote.RemoteWebElement.execute(RemoteWebElement.java:224)
at org.openqa.selenium.remote.RemoteWebElement.click(RemoteWebElement.java:77)
at performance_Appraisals.SelfAppraisal.Validate_SelfAppraisal_Module_On_Myspace_App(SelfAppraisal.java:12)
at java.base/java.util.ArrayList.forEach(ArrayList.java:1511)
... Removed 32 stack frames]]>
    </failure>
  </testcase> <!-- Validate_SelfAppraisal_Module_On_Myspace_App -->
  <testcase classname="performance_Appraisals.SelfAppraisalHistory" name="Validate_SelfAppraisalHistory_Module_On_Myspace_App" time="20.069">
    <failure type="org.openqa.selenium.ElementNotInteractableException" message="element not interactable
  (Session info: chrome=121.0.6167.185)
Build info: version: &amp;apos;4.16.1&amp;apos;, revision: &amp;apos;9b4c83354e&amp;apos;
System info: os.name: &amp;apos;Windows 11&amp;apos;, os.arch: &amp;apos;amd64&amp;apos;, os.version: &amp;apos;10.0&amp;apos;, java.version: &amp;apos;17.0.9&amp;apos;
Driver info: org.openqa.selenium.chrome.ChromeDriver
Command: [eefaf8117838d56dec4c54d7dded5b6b, clickElement {id=D979A0A1B9158BC779FC2DA059C2BA71_element_49}]
Capabilities {acceptInsecureCerts: false, browserName: chrome, browserVersion: 121.0.6167.185, chrome: {chromedriverVersion: 121.0.6167.184 (057a8ae7deb..., userDataDir: C:\Users\GRBHAR~1\AppData\L...}, fedcm:accounts: true, goog:chromeOptions: {debuggerAddress: localhost:61126}, networkConnectionEnabled: false, pageLoadStrategy: normal, platformName: windows, proxy: Proxy(), se:cdp: ws://localhost:61126/devtoo..., se:cdpVersion: 121.0.6167.185, setWindowRect: true, strictFileInteractability: false, timeouts: {implicit: 0, pageLoad: 300000, script: 30000}, unhandledPromptBehavior: dismiss and notify, webauthn:extension:credBlob: true, webauthn:extension:largeBlob: true, webauthn:extension:minPinLength: true, webauthn:extension:prf: true, webauthn:virtualAuthenticators: true}
Element: [[ChromeDriver: chrome on windows (eefaf8117838d56dec4c54d7dded5b6b)] -&amp;gt; xpath: //a[text()=&amp;apos;Self Appraisal History&amp;apos;]]
Session ID: eefaf8117838d56dec4c54d7dded5b6b">
      <![CDATA[org.openqa.selenium.ElementNotInteractableException: element not interactable
  (Session info: chrome=121.0.6167.185)
Build info: version: '4.16.1', revision: '9b4c83354e'
System info: os.name: 'Windows 11', os.arch: 'amd64', os.version: '10.0', java.version: '17.0.9'
Driver info: org.openqa.selenium.chrome.ChromeDriver
Command: [eefaf8117838d56dec4c54d7dded5b6b, clickElement {id=D979A0A1B9158BC779FC2DA059C2BA71_element_49}]
Capabilities {acceptInsecureCerts: false, browserName: chrome, browserVersion: 121.0.6167.185, chrome: {chromedriverVersion: 121.0.6167.184 (057a8ae7deb..., userDataDir: C:\Users\GRBHAR~1\AppData\L...}, fedcm:accounts: true, goog:chromeOptions: {debuggerAddress: localhost:61126}, networkConnectionEnabled: false, pageLoadStrategy: normal, platformName: windows, proxy: Proxy(), se:cdp: ws://localhost:61126/devtoo..., se:cdpVersion: 121.0.6167.185, setWindowRect: true, strictFileInteractability: false, timeouts: {implicit: 0, pageLoad: 300000, script: 30000}, unhandledPromptBehavior: dismiss and notify, webauthn:extension:credBlob: true, webauthn:extension:largeBlob: true, webauthn:extension:minPinLength: true, webauthn:extension:prf: true, webauthn:virtualAuthenticators: true}
Element: [[ChromeDriver: chrome on windows (eefaf8117838d56dec4c54d7dded5b6b)] -> xpath: //a[text()='Self Appraisal History']]
Session ID: eefaf8117838d56dec4c54d7dded5b6b
at org.openqa.selenium.remote.codec.w3c.W3CHttpResponseCodec.createException(W3CHttpResponseCodec.java:200)
at org.openqa.selenium.remote.codec.w3c.W3CHttpResponseCodec.decode(W3CHttpResponseCodec.java:133)
at org.openqa.selenium.remote.codec.w3c.W3CHttpResponseCodec.decode(W3CHttpResponseCodec.java:52)
at org.openqa.selenium.remote.HttpCommandExecutor.execute(HttpCommandExecutor.java:191)
at org.openqa.selenium.remote.service.DriverCommandExecutor.invokeExecute(DriverCommandExecutor.java:200)
at org.openqa.selenium.remote.service.DriverCommandExecutor.execute(DriverCommandExecutor.java:175)
at org.openqa.selenium.remote.RemoteWebDriver.execute(RemoteWebDriver.java:523)
at org.openqa.selenium.remote.RemoteWebElement.execute(RemoteWebElement.java:224)
at org.openqa.selenium.remote.RemoteWebElement.click(RemoteWebElement.java:77)
at performance_Appraisals.SelfAppraisalHistory.Validate_SelfAppraisalHistory_Module_On_Myspace_App(SelfAppraisalHistory.java:12)
at java.base/java.util.ArrayList.forEach(ArrayList.java:1511)
... Removed 32 stack frames]]>
    </failure>
  </testcase> <!-- Validate_SelfAppraisalHistory_Module_On_Myspace_App -->
</testsuite> <!-- Test -->
