<?xml version="1.0" encoding="UTF-8"?>
<testng-results ignored="0" total="1" passed="1" failed="0" skipped="0">
  <reporter-output>
  </reporter-output>
  <suite started-at="2024-03-07T16:57:44 IST" name="Default suite" finished-at="2024-03-07T16:58:10 IST" duration-ms="25455">
    <groups>
    </groups>
    <test started-at="2024-03-07T16:57:44 IST" name="Default test" finished-at="2024-03-07T16:58:10 IST" duration-ms="25455">
      <class name="scripts.BrandingAndMarketing">
        <test-method is-config="true" signature="setup()[pri:0, instance:scripts.BrandingAndMarketing@550dbc7a]" started-at="2024-03-07T16:57:45 IST" name="setup" finished-at="2024-03-07T16:58:09 IST" duration-ms="24464" status="PASS">
          <reporter-output>
          </reporter-output>
        </test-method> <!-- setup -->
        <test-method signature="Validate_BrandingAndMarketing_Module_On_Myspace_App()[pri:0, instance:scripts.BrandingAndMarketing@550dbc7a]" started-at="2024-03-07T16:58:09 IST" name="Validate_BrandingAndMarketing_Module_On_Myspace_App" finished-at="2024-03-07T16:58:09 IST" duration-ms="83" status="PASS">
          <reporter-output>
          </reporter-output>
        </test-method> <!-- Validate_BrandingAndMarketing_Module_On_Myspace_App -->
        <test-method is-config="true" signature="tearDown()[pri:0, instance:scripts.BrandingAndMarketing@550dbc7a]" started-at="2024-03-07T16:58:09 IST" name="tearDown" finished-at="2024-03-07T16:58:10 IST" duration-ms="760" status="PASS">
          <reporter-output>
          </reporter-output>
        </test-method> <!-- tearDown -->
      </class> <!-- scripts.BrandingAndMarketing -->
    </test> <!-- Default test -->
  </suite> <!-- Default suite -->
</testng-results>
